2025-09-19T13:53:02.751Z | OPTIONS /api/auth/login by anonymous - 204
2025-09-19T13:53:03.186Z | POST /api/auth/login by anonymous - 201
2025-09-19T13:53:12.011Z | OPTIONS /organizations/current by anonymous - 204
2025-09-19T13:53:12.020Z | OPTIONS /organizations/current by anonymous - 204
2025-09-19T13:53:12.037Z | GET /organizations/current by anonymous - 404
2025-09-19T13:53:12.049Z | GET /organizations/current by anonymous - 404
2025-09-19T13:53:17.392Z | OPTIONS /teams by anonymous - 204
2025-09-19T13:53:17.406Z | GET /teams by anonymous - 404
2025-09-19T13:53:17.412Z | OPTIONS /teams by anonymous - 204
2025-09-19T13:53:17.426Z | GET /teams by anonymous - 404
2025-09-19T13:53:19.134Z | OPTIONS /api/transaction by anonymous - 204
2025-09-19T13:53:19.148Z | OPTIONS /api/transaction by anonymous - 204
2025-09-19T13:53:19.154Z | GET /api/transaction by anonymous - 200
2025-09-19T13:53:19.177Z | GET /api/transaction by anonymous - 304
2025-09-19T13:53:34.647Z | OPTIONS /api/transaction by anonymous - 204
2025-09-19T13:53:34.679Z | POST /api/transaction by anonymous - 500
2025-09-19T13:56:03.640Z | OPTIONS /api/transaction by anonymous - 204
2025-09-19T13:56:03.652Z | POST /api/transaction by anonymous - 500
2025-09-19T14:08:35.459Z | POST /api/transaction by anonymous - 201
2025-09-19T14:12:23.117Z | OPTIONS /api/transaction by anonymous - 204
2025-09-19T14:12:23.159Z | OPTIONS /api/transaction by anonymous - 204
2025-09-19T14:12:23.176Z | GET /api/transaction by anonymous - 200
2025-09-19T14:12:23.207Z | GET /api/transaction by anonymous - 304
2025-09-19T14:12:39.073Z | OPTIONS /api/transaction by anonymous - 204
2025-09-19T14:12:39.158Z | POST /api/transaction by anonymous - 201
2025-09-19T14:12:39.172Z | GET /api/transaction by anonymous - 200
2025-09-19T14:12:45.270Z | OPTIONS /api/transaction/2 by anonymous - 204
2025-09-19T14:12:45.311Z | PUT /api/transaction/2 by anonymous - 200
2025-09-19T14:12:45.320Z | OPTIONS /api/transaction by anonymous - 204
2025-09-19T14:12:45.333Z | GET /api/transaction by anonymous - 200
